2021-02-02 15:33:37,358 INFO    MainThread:87758 [internal.py:wandb_internal():81] W&B internal server running at pid: 87758
2021-02-02 15:33:37,360 DEBUG   HandlerThread:87758 [handler.py:handle_request():93] handle_request: check_version
2021-02-02 15:33:37,360 INFO    WriterThread:87758 [datastore.py:open_for_write():77] open: /home/enricalvove/Desktop/detr_facebook/detr/wandb/run-20210202_153336-1jr71nro/run-1jr71nro.wandb
2021-02-02 15:33:37,360 DEBUG   SenderThread:87758 [sender.py:send():117] send: header
2021-02-02 15:33:37,360 DEBUG   SenderThread:87758 [sender.py:send():117] send: request
2021-02-02 15:33:37,360 DEBUG   SenderThread:87758 [sender.py:send_request():126] send_request: check_version
2021-02-02 15:33:37,362 DEBUG   Thread-4  :87758 [connectionpool.py:_new_conn():971] Starting new HTTPS connection (1): pypi.org:443
2021-02-02 15:33:37,472 DEBUG   Thread-4  :87758 [connectionpool.py:_make_request():452] https://pypi.org:443 "GET /pypi/wandb/json HTTP/1.1" 200 53641
2021-02-02 15:33:37,507 DEBUG   SenderThread:87758 [sender.py:send():117] send: run
2021-02-02 15:33:37,515 DEBUG   SenderThread:87758 [cmd.py:execute():718] Popen(['git', 'cat-file', '--batch-check'], cwd=/home/enricalvove/Desktop/detr_facebook/detr, universal_newlines=False, shell=None, istream=<valid stream>)
2021-02-02 15:33:37,537 DEBUG   SenderThread:87758 [connectionpool.py:_new_conn():971] Starting new HTTPS connection (1): api.wandb.ai:443
2021-02-02 15:33:38,393 DEBUG   SenderThread:87758 [connectionpool.py:_make_request():452] https://api.wandb.ai:443 "POST /graphql HTTP/1.1" 200 None
2021-02-02 15:33:38,400 INFO    SenderThread:87758 [dir_watcher.py:__init__():165] watching files in: /home/enricalvove/Desktop/detr_facebook/detr/wandb/run-20210202_153336-1jr71nro/files
2021-02-02 15:33:38,401 DEBUG   HandlerThread:87758 [handler.py:handle_request():93] handle_request: run_start
2021-02-02 15:33:38,401 INFO    SenderThread:87758 [sender.py:_start_run_threads():593] run started: 1jr71nro with start time 1612276416
2021-02-02 15:33:38,401 DEBUG   SenderThread:87758 [sender.py:send():117] send: summary
2021-02-02 15:33:38,401 INFO    SenderThread:87758 [sender.py:_save_file():682] saving file wandb-summary.json with policy end
2021-02-02 15:33:38,800 DEBUG   HandlerThread:87758 [tpu_cluster_resolver.py:<module>():35] Falling back to TensorFlow client; we recommended you install the Cloud TPU client directly with pip install cloud-tpu-client.
2021-02-02 15:33:39,178 DEBUG   HandlerThread:87758 [meta.py:__init__():34] meta init
2021-02-02 15:33:39,178 DEBUG   HandlerThread:87758 [meta.py:__init__():48] meta init done
2021-02-02 15:33:39,178 DEBUG   HandlerThread:87758 [meta.py:probe():190] probe
2021-02-02 15:33:39,184 DEBUG   HandlerThread:87758 [meta.py:_setup_git():180] setup git
2021-02-02 15:33:39,185 DEBUG   HandlerThread:87758 [cmd.py:execute():718] Popen(['git', 'cat-file', '--batch-check'], cwd=/home/enricalvove/Desktop/detr_facebook/detr, universal_newlines=False, shell=None, istream=<valid stream>)
2021-02-02 15:33:39,191 DEBUG   HandlerThread:87758 [cmd.py:execute():718] Popen(['git', 'rev-parse', '--show-toplevel'], cwd=/home/enricalvove/Desktop/detr_facebook/detr, universal_newlines=False, shell=None, istream=None)
2021-02-02 15:33:39,195 DEBUG   HandlerThread:87758 [meta.py:_setup_git():187] setup git done
2021-02-02 15:33:39,195 DEBUG   HandlerThread:87758 [meta.py:_save_pip():52] save pip
2021-02-02 15:33:39,195 DEBUG   HandlerThread:87758 [meta.py:_save_pip():66] save pip done
2021-02-02 15:33:39,195 DEBUG   HandlerThread:87758 [meta.py:probe():231] probe done
2021-02-02 15:33:39,197 DEBUG   SenderThread:87758 [sender.py:send():117] send: files
2021-02-02 15:33:39,198 INFO    SenderThread:87758 [sender.py:_save_file():682] saving file wandb-metadata.json with policy now
2021-02-02 15:33:39,201 DEBUG   Thread-11 :87758 [connectionpool.py:_new_conn():971] Starting new HTTPS connection (1): api.wandb.ai:443
2021-02-02 15:33:39,201 DEBUG   HandlerThread:87758 [handler.py:handle_request():93] handle_request: status
2021-02-02 15:33:39,201 DEBUG   SenderThread:87758 [sender.py:send():117] send: request
2021-02-02 15:33:39,202 DEBUG   SenderThread:87758 [sender.py:send_request():126] send_request: status
2021-02-02 15:33:39,203 DEBUG   SenderThread:87758 [connectionpool.py:_new_conn():971] Starting new HTTPS connection (1): api.wandb.ai:443
2021-02-02 15:33:39,402 INFO    Thread-8  :87758 [dir_watcher.py:_on_file_created():213] file/dir created: /home/enricalvove/Desktop/detr_facebook/detr/wandb/run-20210202_153336-1jr71nro/files/wandb-summary.json
2021-02-02 15:33:39,402 INFO    Thread-8  :87758 [dir_watcher.py:_on_file_created():213] file/dir created: /home/enricalvove/Desktop/detr_facebook/detr/wandb/run-20210202_153336-1jr71nro/files/wandb-metadata.json
2021-02-02 15:33:39,402 INFO    Thread-8  :87758 [dir_watcher.py:_on_file_created():213] file/dir created: /home/enricalvove/Desktop/detr_facebook/detr/wandb/run-20210202_153336-1jr71nro/files/output.log
2021-02-02 15:33:39,402 INFO    Thread-8  :87758 [dir_watcher.py:_on_file_created():213] file/dir created: /home/enricalvove/Desktop/detr_facebook/detr/wandb/run-20210202_153336-1jr71nro/files/requirements.txt
2021-02-02 15:33:39,520 DEBUG   SenderThread:87758 [connectionpool.py:_make_request():452] https://api.wandb.ai:443 "POST /graphql HTTP/1.1" 200 None
2021-02-02 15:33:39,520 DEBUG   Thread-11 :87758 [connectionpool.py:_make_request():452] https://api.wandb.ai:443 "POST /graphql HTTP/1.1" 200 None
2021-02-02 15:33:39,524 DEBUG   Thread-11 :87758 [connectionpool.py:_new_conn():971] Starting new HTTPS connection (1): storage.googleapis.com:443
2021-02-02 15:33:40,031 DEBUG   Thread-11 :87758 [connectionpool.py:_make_request():452] https://storage.googleapis.com:443 "PUT /wandb-production.appspot.com/enricalvove/detr-baseline/1jr71nro/wandb-metadata.json?Expires=1612362819&GoogleAccessId=wandb-production%40appspot.gserviceaccount.com&Signature=D7BZhdtNFzsow%2B5z0pH9FHkj3jCJFaqHXdMmI%2BDj6A8GOCjTV%2BfA64YFQXn5%2FjNWX3sGP1wZ2cZLnd%2BixbgjeVyarNPalundqpxnCvJaV%2Fh8g8FQfxB4JHQI5o5dSXY0k2f%2BfaUR9Da8gkAyV0WZTrKLWocE6IOnqUD%2F67eb100uRNTOoAVEx9DfqFfWfeazzou%2Bt2VTO8o2BNRvw9xrdPI%2BWcR4C7%2BKRL77kP6Qa4zt7EsRyph82vY3KH82x%2Bap0uAugOngXbXb0gv3GX2I64942bzVMdEujsG12bykXklF2K647Em587Q4jg3ger3LxUymdvd0fdEhUtoAPwKEFw%3D%3D HTTP/1.1" 200 0
2021-02-02 15:33:40,032 INFO    Thread-11 :87758 [upload_job.py:push():133] Uploaded file /tmp/tmp4kfcwg1awandb/h6xbyag2-wandb-metadata.json
2021-02-02 15:33:41,522 DEBUG   Thread-5  :87758 [connectionpool.py:_new_conn():971] Starting new HTTPS connection (1): api.wandb.ai:443
2021-02-02 15:33:41,775 DEBUG   Thread-5  :87758 [connectionpool.py:_make_request():452] https://api.wandb.ai:443 "POST /files/enricalvove/detr-baseline/1jr71nro/file_stream HTTP/1.1" 200 None
2021-02-02 15:33:42,401 INFO    Thread-8  :87758 [dir_watcher.py:_on_file_modified():226] file/dir modified: /home/enricalvove/Desktop/detr_facebook/detr/wandb/run-20210202_153336-1jr71nro/files/output.log
2021-02-02 15:33:42,549 DEBUG   SenderThread:87758 [sender.py:send():117] send: stats
2021-02-02 15:33:43,402 INFO    Thread-8  :87758 [dir_watcher.py:_on_file_modified():226] file/dir modified: /home/enricalvove/Desktop/detr_facebook/detr/wandb/run-20210202_153336-1jr71nro/files/output.log
2021-02-02 15:33:43,923 DEBUG   Thread-5  :87758 [connectionpool.py:_make_request():452] https://api.wandb.ai:443 "POST /files/enricalvove/detr-baseline/1jr71nro/file_stream HTTP/1.1" 200 None
2021-02-02 15:33:44,402 INFO    Thread-8  :87758 [dir_watcher.py:_on_file_modified():226] file/dir modified: /home/enricalvove/Desktop/detr_facebook/detr/wandb/run-20210202_153336-1jr71nro/files/output.log
2021-02-02 15:33:47,000 DEBUG   SenderThread:87758 [sender.py:send():117] send: stats
2021-02-02 15:33:47,199 DEBUG   Thread-5  :87758 [connectionpool.py:_make_request():452] https://api.wandb.ai:443 "POST /files/enricalvove/detr-baseline/1jr71nro/file_stream HTTP/1.1" 200 None
2021-02-02 15:33:47,402 INFO    Thread-8  :87758 [dir_watcher.py:_on_file_modified():226] file/dir modified: /home/enricalvove/Desktop/detr_facebook/detr/wandb/run-20210202_153336-1jr71nro/files/output.log
2021-02-02 15:33:49,458 DEBUG   Thread-5  :87758 [connectionpool.py:_make_request():452] https://api.wandb.ai:443 "POST /files/enricalvove/detr-baseline/1jr71nro/file_stream HTTP/1.1" 200 None
2021-02-02 15:33:51,403 INFO    Thread-8  :87758 [dir_watcher.py:_on_file_modified():226] file/dir modified: /home/enricalvove/Desktop/detr_facebook/detr/wandb/run-20210202_153336-1jr71nro/files/output.log
2021-02-02 15:33:51,451 DEBUG   SenderThread:87758 [sender.py:send():117] send: stats
2021-02-02 15:33:51,705 DEBUG   Thread-5  :87758 [connectionpool.py:_make_request():452] https://api.wandb.ai:443 "POST /files/enricalvove/detr-baseline/1jr71nro/file_stream HTTP/1.1" 200 None
2021-02-02 15:33:54,372 DEBUG   Thread-5  :87758 [connectionpool.py:_make_request():452] https://api.wandb.ai:443 "POST /files/enricalvove/detr-baseline/1jr71nro/file_stream HTTP/1.1" 200 None
2021-02-02 15:33:54,404 INFO    Thread-8  :87758 [dir_watcher.py:_on_file_modified():226] file/dir modified: /home/enricalvove/Desktop/detr_facebook/detr/wandb/run-20210202_153336-1jr71nro/files/output.log
2021-02-02 15:33:54,522 DEBUG   HandlerThread:87758 [handler.py:handle_request():93] handle_request: status
2021-02-02 15:33:54,522 DEBUG   SenderThread:87758 [sender.py:send():117] send: request
2021-02-02 15:33:54,522 DEBUG   SenderThread:87758 [sender.py:send_request():126] send_request: status
2021-02-02 15:33:54,524 DEBUG   SenderThread:87758 [connectionpool.py:_new_conn():971] Starting new HTTPS connection (1): api.wandb.ai:443
2021-02-02 15:33:54,778 DEBUG   SenderThread:87758 [connectionpool.py:_make_request():452] https://api.wandb.ai:443 "POST /graphql HTTP/1.1" 200 None
2021-02-02 15:33:55,907 DEBUG   SenderThread:87758 [sender.py:send():117] send: stats
2021-02-02 15:33:57,956 DEBUG   Thread-5  :87758 [connectionpool.py:_make_request():452] https://api.wandb.ai:443 "POST /files/enricalvove/detr-baseline/1jr71nro/file_stream HTTP/1.1" 200 None
2021-02-02 15:33:58,405 INFO    Thread-8  :87758 [dir_watcher.py:_on_file_modified():226] file/dir modified: /home/enricalvove/Desktop/detr_facebook/detr/wandb/run-20210202_153336-1jr71nro/files/output.log
2021-02-02 15:34:00,357 DEBUG   SenderThread:87758 [sender.py:send():117] send: stats
2021-02-02 15:34:00,554 DEBUG   Thread-5  :87758 [connectionpool.py:_make_request():452] https://api.wandb.ai:443 "POST /files/enricalvove/detr-baseline/1jr71nro/file_stream HTTP/1.1" 200 None
2021-02-02 15:34:02,406 INFO    Thread-8  :87758 [dir_watcher.py:_on_file_modified():226] file/dir modified: /home/enricalvove/Desktop/detr_facebook/detr/wandb/run-20210202_153336-1jr71nro/files/output.log
2021-02-02 15:34:03,639 DEBUG   Thread-5  :87758 [connectionpool.py:_make_request():452] https://api.wandb.ai:443 "POST /files/enricalvove/detr-baseline/1jr71nro/file_stream HTTP/1.1" 200 None
2021-02-02 15:34:04,808 DEBUG   SenderThread:87758 [sender.py:send():117] send: stats
2021-02-02 15:34:05,406 INFO    Thread-8  :87758 [dir_watcher.py:_on_file_modified():226] file/dir modified: /home/enricalvove/Desktop/detr_facebook/detr/wandb/run-20210202_153336-1jr71nro/files/output.log
2021-02-02 15:34:07,279 DEBUG   Thread-5  :87758 [connectionpool.py:_make_request():452] https://api.wandb.ai:443 "POST /files/enricalvove/detr-baseline/1jr71nro/file_stream HTTP/1.1" 200 None
2021-02-02 15:34:09,266 DEBUG   SenderThread:87758 [sender.py:send():117] send: stats
2021-02-02 15:34:09,407 INFO    Thread-8  :87758 [dir_watcher.py:_on_file_modified():226] file/dir modified: /home/enricalvove/Desktop/detr_facebook/detr/wandb/run-20210202_153336-1jr71nro/files/output.log
2021-02-02 15:34:09,451 DEBUG   Thread-5  :87758 [connectionpool.py:_make_request():452] https://api.wandb.ai:443 "POST /files/enricalvove/detr-baseline/1jr71nro/file_stream HTTP/1.1" 200 None
2021-02-02 15:34:09,780 DEBUG   HandlerThread:87758 [handler.py:handle_request():93] handle_request: status
2021-02-02 15:34:09,780 DEBUG   SenderThread:87758 [sender.py:send():117] send: request
2021-02-02 15:34:09,780 DEBUG   SenderThread:87758 [sender.py:send_request():126] send_request: status
2021-02-02 15:34:09,782 DEBUG   SenderThread:87758 [connectionpool.py:_new_conn():971] Starting new HTTPS connection (1): api.wandb.ai:443
2021-02-02 15:34:10,018 DEBUG   SenderThread:87758 [connectionpool.py:_make_request():452] https://api.wandb.ai:443 "POST /graphql HTTP/1.1" 200 None
2021-02-02 15:34:13,018 DEBUG   Thread-5  :87758 [connectionpool.py:_make_request():452] https://api.wandb.ai:443 "POST /files/enricalvove/detr-baseline/1jr71nro/file_stream HTTP/1.1" 200 None
2021-02-02 15:34:13,408 INFO    Thread-8  :87758 [dir_watcher.py:_on_file_modified():226] file/dir modified: /home/enricalvove/Desktop/detr_facebook/detr/wandb/run-20210202_153336-1jr71nro/files/output.log
2021-02-02 15:34:13,727 DEBUG   SenderThread:87758 [sender.py:send():117] send: stats
2021-02-02 15:34:15,951 DEBUG   Thread-5  :87758 [connectionpool.py:_make_request():452] https://api.wandb.ai:443 "POST /files/enricalvove/detr-baseline/1jr71nro/file_stream HTTP/1.1" 200 None
2021-02-02 15:34:17,409 INFO    Thread-8  :87758 [dir_watcher.py:_on_file_modified():226] file/dir modified: /home/enricalvove/Desktop/detr_facebook/detr/wandb/run-20210202_153336-1jr71nro/files/output.log
2021-02-02 15:34:18,184 DEBUG   SenderThread:87758 [sender.py:send():117] send: stats
2021-02-02 15:34:18,534 DEBUG   Thread-5  :87758 [connectionpool.py:_make_request():452] https://api.wandb.ai:443 "POST /files/enricalvove/detr-baseline/1jr71nro/file_stream HTTP/1.1" 200 None
2021-02-02 15:34:20,634 DEBUG   Thread-5  :87758 [connectionpool.py:_make_request():452] https://api.wandb.ai:443 "POST /files/enricalvove/detr-baseline/1jr71nro/file_stream HTTP/1.1" 200 None
2021-02-02 15:34:21,410 INFO    Thread-8  :87758 [dir_watcher.py:_on_file_modified():226] file/dir modified: /home/enricalvove/Desktop/detr_facebook/detr/wandb/run-20210202_153336-1jr71nro/files/output.log
2021-02-02 15:34:22,648 DEBUG   SenderThread:87758 [sender.py:send():117] send: stats
2021-02-02 15:34:22,937 DEBUG   Thread-5  :87758 [connectionpool.py:_make_request():452] https://api.wandb.ai:443 "POST /files/enricalvove/detr-baseline/1jr71nro/file_stream HTTP/1.1" 200 None
2021-02-02 15:34:24,410 INFO    Thread-8  :87758 [dir_watcher.py:_on_file_modified():226] file/dir modified: /home/enricalvove/Desktop/detr_facebook/detr/wandb/run-20210202_153336-1jr71nro/files/output.log
2021-02-02 15:34:25,021 DEBUG   HandlerThread:87758 [handler.py:handle_request():93] handle_request: status
2021-02-02 15:34:25,021 DEBUG   SenderThread:87758 [sender.py:send():117] send: request
2021-02-02 15:34:25,021 DEBUG   SenderThread:87758 [sender.py:send_request():126] send_request: status
2021-02-02 15:34:25,022 DEBUG   SenderThread:87758 [connectionpool.py:_new_conn():971] Starting new HTTPS connection (1): api.wandb.ai:443
2021-02-02 15:34:25,489 DEBUG   SenderThread:87758 [connectionpool.py:_make_request():452] https://api.wandb.ai:443 "POST /graphql HTTP/1.1" 200 None
2021-02-02 15:34:26,536 DEBUG   Thread-5  :87758 [connectionpool.py:_make_request():452] https://api.wandb.ai:443 "POST /files/enricalvove/detr-baseline/1jr71nro/file_stream HTTP/1.1" 200 None
2021-02-02 15:34:27,106 DEBUG   SenderThread:87758 [sender.py:send():117] send: stats
2021-02-02 15:34:28,411 INFO    Thread-8  :87758 [dir_watcher.py:_on_file_modified():226] file/dir modified: /home/enricalvove/Desktop/detr_facebook/detr/wandb/run-20210202_153336-1jr71nro/files/output.log
2021-02-02 15:34:30,128 DEBUG   Thread-5  :87758 [connectionpool.py:_make_request():452] https://api.wandb.ai:443 "POST /files/enricalvove/detr-baseline/1jr71nro/file_stream HTTP/1.1" 200 None
2021-02-02 15:34:31,557 DEBUG   SenderThread:87758 [sender.py:send():117] send: stats
2021-02-02 15:34:32,412 INFO    Thread-8  :87758 [dir_watcher.py:_on_file_modified():226] file/dir modified: /home/enricalvove/Desktop/detr_facebook/detr/wandb/run-20210202_153336-1jr71nro/files/output.log
2021-02-02 15:34:33,898 DEBUG   Thread-5  :87758 [connectionpool.py:_make_request():452] https://api.wandb.ai:443 "POST /files/enricalvove/detr-baseline/1jr71nro/file_stream HTTP/1.1" 200 None
2021-02-02 15:34:35,413 INFO    Thread-8  :87758 [dir_watcher.py:_on_file_modified():226] file/dir modified: /home/enricalvove/Desktop/detr_facebook/detr/wandb/run-20210202_153336-1jr71nro/files/output.log
2021-02-02 15:34:36,010 DEBUG   SenderThread:87758 [sender.py:send():117] send: stats
2021-02-02 15:34:39,414 INFO    Thread-8  :87758 [dir_watcher.py:_on_file_modified():226] file/dir modified: /home/enricalvove/Desktop/detr_facebook/detr/wandb/run-20210202_153336-1jr71nro/files/output.log
2021-02-02 15:34:40,463 DEBUG   SenderThread:87758 [sender.py:send():117] send: stats
2021-02-02 15:34:40,491 DEBUG   HandlerThread:87758 [handler.py:handle_request():93] handle_request: status
2021-02-02 15:34:40,491 DEBUG   SenderThread:87758 [sender.py:send():117] send: request
2021-02-02 15:34:40,491 DEBUG   SenderThread:87758 [sender.py:send_request():126] send_request: status
2021-02-02 15:34:40,495 DEBUG   SenderThread:87758 [connectionpool.py:_new_conn():971] Starting new HTTPS connection (1): api.wandb.ai:443
2021-02-02 15:34:41,171 DEBUG   SenderThread:87758 [connectionpool.py:_make_request():452] https://api.wandb.ai:443 "POST /graphql HTTP/1.1" 200 None
2021-02-02 15:34:43,414 INFO    Thread-8  :87758 [dir_watcher.py:_on_file_modified():226] file/dir modified: /home/enricalvove/Desktop/detr_facebook/detr/wandb/run-20210202_153336-1jr71nro/files/output.log
2021-02-02 15:34:44,915 DEBUG   SenderThread:87758 [sender.py:send():117] send: stats
2021-02-02 15:34:45,640 DEBUG   Thread-5  :87758 [connectionpool.py:_make_request():452] https://api.wandb.ai:443 "POST /files/enricalvove/detr-baseline/1jr71nro/file_stream HTTP/1.1" 200 None
2021-02-02 15:34:47,415 INFO    Thread-8  :87758 [dir_watcher.py:_on_file_modified():226] file/dir modified: /home/enricalvove/Desktop/detr_facebook/detr/wandb/run-20210202_153336-1jr71nro/files/output.log
2021-02-02 15:34:49,368 DEBUG   SenderThread:87758 [sender.py:send():117] send: stats
2021-02-02 15:34:51,416 INFO    Thread-8  :87758 [dir_watcher.py:_on_file_modified():226] file/dir modified: /home/enricalvove/Desktop/detr_facebook/detr/wandb/run-20210202_153336-1jr71nro/files/output.log
2021-02-02 15:34:53,819 DEBUG   SenderThread:87758 [sender.py:send():117] send: stats
2021-02-02 15:34:54,417 INFO    Thread-8  :87758 [dir_watcher.py:_on_file_modified():226] file/dir modified: /home/enricalvove/Desktop/detr_facebook/detr/wandb/run-20210202_153336-1jr71nro/files/output.log
2021-02-02 15:34:56,173 DEBUG   HandlerThread:87758 [handler.py:handle_request():93] handle_request: status
2021-02-02 15:34:56,173 DEBUG   SenderThread:87758 [sender.py:send():117] send: request
2021-02-02 15:34:56,173 DEBUG   SenderThread:87758 [sender.py:send_request():126] send_request: status
2021-02-02 15:34:56,174 DEBUG   SenderThread:87758 [connectionpool.py:_new_conn():971] Starting new HTTPS connection (1): api.wandb.ai:443
2021-02-02 15:34:56,848 DEBUG   SenderThread:87758 [connectionpool.py:_make_request():452] https://api.wandb.ai:443 "POST /graphql HTTP/1.1" 200 None
2021-02-02 15:34:58,265 DEBUG   Thread-5  :87758 [connectionpool.py:_make_request():452] https://api.wandb.ai:443 "POST /files/enricalvove/detr-baseline/1jr71nro/file_stream HTTP/1.1" 200 None
2021-02-02 15:34:58,269 DEBUG   SenderThread:87758 [sender.py:send():117] send: stats
2021-02-02 15:34:58,418 INFO    Thread-8  :87758 [dir_watcher.py:_on_file_modified():226] file/dir modified: /home/enricalvove/Desktop/detr_facebook/detr/wandb/run-20210202_153336-1jr71nro/files/output.log
2021-02-02 15:35:02,418 INFO    Thread-8  :87758 [dir_watcher.py:_on_file_modified():226] file/dir modified: /home/enricalvove/Desktop/detr_facebook/detr/wandb/run-20210202_153336-1jr71nro/files/output.log
2021-02-02 15:35:02,720 DEBUG   SenderThread:87758 [sender.py:send():117] send: stats
2021-02-02 15:35:06,419 INFO    Thread-8  :87758 [dir_watcher.py:_on_file_modified():226] file/dir modified: /home/enricalvove/Desktop/detr_facebook/detr/wandb/run-20210202_153336-1jr71nro/files/output.log
2021-02-02 15:35:07,174 DEBUG   SenderThread:87758 [sender.py:send():117] send: stats
2021-02-02 15:35:10,283 DEBUG   Thread-5  :87758 [connectionpool.py:_make_request():452] https://api.wandb.ai:443 "POST /files/enricalvove/detr-baseline/1jr71nro/file_stream HTTP/1.1" 200 None
2021-02-02 15:35:10,420 INFO    Thread-8  :87758 [dir_watcher.py:_on_file_modified():226] file/dir modified: /home/enricalvove/Desktop/detr_facebook/detr/wandb/run-20210202_153336-1jr71nro/files/output.log
2021-02-02 15:35:11,623 DEBUG   SenderThread:87758 [sender.py:send():117] send: stats
2021-02-02 15:35:11,850 DEBUG   HandlerThread:87758 [handler.py:handle_request():93] handle_request: status
2021-02-02 15:35:11,850 DEBUG   SenderThread:87758 [sender.py:send():117] send: request
2021-02-02 15:35:11,851 DEBUG   SenderThread:87758 [sender.py:send_request():126] send_request: status
2021-02-02 15:35:11,852 DEBUG   SenderThread:87758 [connectionpool.py:_new_conn():971] Starting new HTTPS connection (1): api.wandb.ai:443
2021-02-02 15:35:12,443 DEBUG   SenderThread:87758 [connectionpool.py:_make_request():452] https://api.wandb.ai:443 "POST /graphql HTTP/1.1" 200 None
2021-02-02 15:35:14,421 INFO    Thread-8  :87758 [dir_watcher.py:_on_file_modified():226] file/dir modified: /home/enricalvove/Desktop/detr_facebook/detr/wandb/run-20210202_153336-1jr71nro/files/output.log
2021-02-02 15:35:16,075 DEBUG   SenderThread:87758 [sender.py:send():117] send: stats
2021-02-02 15:35:18,422 INFO    Thread-8  :87758 [dir_watcher.py:_on_file_modified():226] file/dir modified: /home/enricalvove/Desktop/detr_facebook/detr/wandb/run-20210202_153336-1jr71nro/files/output.log
2021-02-02 15:35:20,524 DEBUG   SenderThread:87758 [sender.py:send():117] send: stats
2021-02-02 15:35:20,748 DEBUG   Thread-5  :87758 [connectionpool.py:_make_request():452] https://api.wandb.ai:443 "POST /files/enricalvove/detr-baseline/1jr71nro/file_stream HTTP/1.1" 200 None
2021-02-02 15:35:21,423 INFO    Thread-8  :87758 [dir_watcher.py:_on_file_modified():226] file/dir modified: /home/enricalvove/Desktop/detr_facebook/detr/wandb/run-20210202_153336-1jr71nro/files/output.log
2021-02-02 15:35:24,983 DEBUG   SenderThread:87758 [sender.py:send():117] send: stats
2021-02-02 15:35:25,424 INFO    Thread-8  :87758 [dir_watcher.py:_on_file_modified():226] file/dir modified: /home/enricalvove/Desktop/detr_facebook/detr/wandb/run-20210202_153336-1jr71nro/files/output.log
2021-02-02 15:35:27,445 DEBUG   HandlerThread:87758 [handler.py:handle_request():93] handle_request: status
2021-02-02 15:35:27,445 DEBUG   SenderThread:87758 [sender.py:send():117] send: request
2021-02-02 15:35:27,445 DEBUG   SenderThread:87758 [sender.py:send_request():126] send_request: status
2021-02-02 15:35:27,446 DEBUG   SenderThread:87758 [connectionpool.py:_new_conn():971] Starting new HTTPS connection (1): api.wandb.ai:443
2021-02-02 15:35:28,068 DEBUG   SenderThread:87758 [connectionpool.py:_make_request():452] https://api.wandb.ai:443 "POST /graphql HTTP/1.1" 200 None
2021-02-02 15:35:29,425 INFO    Thread-8  :87758 [dir_watcher.py:_on_file_modified():226] file/dir modified: /home/enricalvove/Desktop/detr_facebook/detr/wandb/run-20210202_153336-1jr71nro/files/output.log
2021-02-02 15:35:29,438 DEBUG   SenderThread:87758 [sender.py:send():117] send: stats
2021-02-02 15:35:32,425 INFO    Thread-8  :87758 [dir_watcher.py:_on_file_modified():226] file/dir modified: /home/enricalvove/Desktop/detr_facebook/detr/wandb/run-20210202_153336-1jr71nro/files/output.log
2021-02-02 15:35:33,888 DEBUG   SenderThread:87758 [sender.py:send():117] send: stats
2021-02-02 15:35:36,426 INFO    Thread-8  :87758 [dir_watcher.py:_on_file_modified():226] file/dir modified: /home/enricalvove/Desktop/detr_facebook/detr/wandb/run-20210202_153336-1jr71nro/files/output.log
2021-02-02 15:35:38,338 DEBUG   SenderThread:87758 [sender.py:send():117] send: stats
2021-02-02 15:35:38,660 DEBUG   Thread-5  :87758 [connectionpool.py:_make_request():452] https://api.wandb.ai:443 "POST /files/enricalvove/detr-baseline/1jr71nro/file_stream HTTP/1.1" 200 None
2021-02-02 15:35:40,427 INFO    Thread-8  :87758 [dir_watcher.py:_on_file_modified():226] file/dir modified: /home/enricalvove/Desktop/detr_facebook/detr/wandb/run-20210202_153336-1jr71nro/files/output.log
2021-02-02 15:35:42,787 DEBUG   SenderThread:87758 [sender.py:send():117] send: stats
2021-02-02 15:35:43,071 DEBUG   HandlerThread:87758 [handler.py:handle_request():93] handle_request: status
2021-02-02 15:35:43,071 DEBUG   SenderThread:87758 [sender.py:send():117] send: request
2021-02-02 15:35:43,071 DEBUG   SenderThread:87758 [sender.py:send_request():126] send_request: status
2021-02-02 15:35:43,073 DEBUG   SenderThread:87758 [connectionpool.py:_new_conn():971] Starting new HTTPS connection (1): api.wandb.ai:443
2021-02-02 15:35:44,166 DEBUG   SenderThread:87758 [connectionpool.py:_new_conn():971] Starting new HTTPS connection (1): api.wandb.ai:443
2021-02-02 15:35:44,428 INFO    Thread-8  :87758 [dir_watcher.py:_on_file_modified():226] file/dir modified: /home/enricalvove/Desktop/detr_facebook/detr/wandb/run-20210202_153336-1jr71nro/files/output.log
2021-02-02 15:35:46,497 DEBUG   SenderThread:87758 [connectionpool.py:_new_conn():971] Starting new HTTPS connection (1): api.wandb.ai:443
2021-02-02 15:35:46,498 ERROR   SenderThread:87758 [retry.py:__call__():111] Retry attempt failed:
Traceback (most recent call last):
  File "/home/enricalvove/environments/my_env/lib/python3.8/site-packages/urllib3/connection.py", line 169, in _new_conn
    conn = connection.create_connection(
  File "/home/enricalvove/environments/my_env/lib/python3.8/site-packages/urllib3/util/connection.py", line 73, in create_connection
    for res in socket.getaddrinfo(host, port, family, socket.SOCK_STREAM):
  File "/usr/lib/python3.8/socket.py", line 918, in getaddrinfo
    for res in _socket.getaddrinfo(host, port, family, type, proto, flags):
socket.gaierror: [Errno -3] Temporary failure in name resolution

During handling of the above exception, another exception occurred:

Traceback (most recent call last):
  File "/home/enricalvove/environments/my_env/lib/python3.8/site-packages/urllib3/connectionpool.py", line 699, in urlopen
    httplib_response = self._make_request(
  File "/home/enricalvove/environments/my_env/lib/python3.8/site-packages/urllib3/connectionpool.py", line 382, in _make_request
    self._validate_conn(conn)
  File "/home/enricalvove/environments/my_env/lib/python3.8/site-packages/urllib3/connectionpool.py", line 1010, in _validate_conn
    conn.connect()
  File "/home/enricalvove/environments/my_env/lib/python3.8/site-packages/urllib3/connection.py", line 353, in connect
    conn = self._new_conn()
  File "/home/enricalvove/environments/my_env/lib/python3.8/site-packages/urllib3/connection.py", line 181, in _new_conn
    raise NewConnectionError(
urllib3.exceptions.NewConnectionError: <urllib3.connection.HTTPSConnection object at 0x7f8f713844c0>: Failed to establish a new connection: [Errno -3] Temporary failure in name resolution

During handling of the above exception, another exception occurred:

Traceback (most recent call last):
  File "/home/enricalvove/environments/my_env/lib/python3.8/site-packages/requests/adapters.py", line 439, in send
    resp = conn.urlopen(
  File "/home/enricalvove/environments/my_env/lib/python3.8/site-packages/urllib3/connectionpool.py", line 755, in urlopen
    retries = retries.increment(
  File "/home/enricalvove/environments/my_env/lib/python3.8/site-packages/urllib3/util/retry.py", line 573, in increment
    raise MaxRetryError(_pool, url, error or ResponseError(cause))
urllib3.exceptions.MaxRetryError: HTTPSConnectionPool(host='api.wandb.ai', port=443): Max retries exceeded with url: /graphql (Caused by NewConnectionError('<urllib3.connection.HTTPSConnection object at 0x7f8f713844c0>: Failed to establish a new connection: [Errno -3] Temporary failure in name resolution'))

During handling of the above exception, another exception occurred:

Traceback (most recent call last):
  File "/home/enricalvove/environments/my_env/lib/python3.8/site-packages/wandb/old/retry.py", line 96, in __call__
    result = self._call_fn(*args, **kwargs)
  File "/home/enricalvove/environments/my_env/lib/python3.8/site-packages/wandb/sdk/internal/internal_api.py", line 123, in execute
    return self.client.execute(*args, **kwargs)
  File "/home/enricalvove/environments/my_env/lib/python3.8/site-packages/wandb/vendor/gql-0.2.0/gql/client.py", line 52, in execute
    result = self._get_result(document, *args, **kwargs)
  File "/home/enricalvove/environments/my_env/lib/python3.8/site-packages/wandb/vendor/gql-0.2.0/gql/client.py", line 60, in _get_result
    return self.transport.execute(document, *args, **kwargs)
  File "/home/enricalvove/environments/my_env/lib/python3.8/site-packages/wandb/vendor/gql-0.2.0/gql/transport/requests.py", line 38, in execute
    request = requests.post(self.url, **post_args)
  File "/home/enricalvove/environments/my_env/lib/python3.8/site-packages/requests/api.py", line 119, in post
    return request('post', url, data=data, json=json, **kwargs)
  File "/home/enricalvove/environments/my_env/lib/python3.8/site-packages/requests/api.py", line 61, in request
    return session.request(method=method, url=url, **kwargs)
  File "/home/enricalvove/environments/my_env/lib/python3.8/site-packages/requests/sessions.py", line 542, in request
    resp = self.send(prep, **send_kwargs)
  File "/home/enricalvove/environments/my_env/lib/python3.8/site-packages/requests/sessions.py", line 655, in send
    r = adapter.send(request, **kwargs)
  File "/home/enricalvove/environments/my_env/lib/python3.8/site-packages/requests/adapters.py", line 516, in send
    raise ConnectionError(e, request=request)
requests.exceptions.ConnectionError: HTTPSConnectionPool(host='api.wandb.ai', port=443): Max retries exceeded with url: /graphql (Caused by NewConnectionError('<urllib3.connection.HTTPSConnection object at 0x7f8f713844c0>: Failed to establish a new connection: [Errno -3] Temporary failure in name resolution'))
2021-02-02 15:35:47,428 INFO    Thread-8  :87758 [dir_watcher.py:_on_file_modified():226] file/dir modified: /home/enricalvove/Desktop/detr_facebook/detr/wandb/run-20210202_153336-1jr71nro/files/output.log
2021-02-02 15:35:50,429 INFO    Thread-8  :87758 [dir_watcher.py:_on_file_modified():226] file/dir modified: /home/enricalvove/Desktop/detr_facebook/detr/wandb/run-20210202_153336-1jr71nro/files/output.log
2021-02-02 15:35:51,178 DEBUG   SenderThread:87758 [connectionpool.py:_new_conn():971] Starting new HTTPS connection (1): api.wandb.ai:443
2021-02-02 15:35:54,430 INFO    Thread-8  :87758 [dir_watcher.py:_on_file_modified():226] file/dir modified: /home/enricalvove/Desktop/detr_facebook/detr/wandb/run-20210202_153336-1jr71nro/files/output.log
2021-02-02 15:35:57,430 INFO    Thread-8  :87758 [dir_watcher.py:_on_file_modified():226] file/dir modified: /home/enricalvove/Desktop/detr_facebook/detr/wandb/run-20210202_153336-1jr71nro/files/output.log
2021-02-02 15:35:59,405 DEBUG   SenderThread:87758 [connectionpool.py:_new_conn():971] Starting new HTTPS connection (1): api.wandb.ai:443
2021-02-02 15:36:01,431 INFO    Thread-8  :87758 [dir_watcher.py:_on_file_modified():226] file/dir modified: /home/enricalvove/Desktop/detr_facebook/detr/wandb/run-20210202_153336-1jr71nro/files/output.log
2021-02-02 15:36:05,432 INFO    Thread-8  :87758 [dir_watcher.py:_on_file_modified():226] file/dir modified: /home/enricalvove/Desktop/detr_facebook/detr/wandb/run-20210202_153336-1jr71nro/files/output.log
2021-02-02 15:36:08,433 INFO    Thread-8  :87758 [dir_watcher.py:_on_file_modified():226] file/dir modified: /home/enricalvove/Desktop/detr_facebook/detr/wandb/run-20210202_153336-1jr71nro/files/output.log
2021-02-02 15:36:12,433 INFO    Thread-8  :87758 [dir_watcher.py:_on_file_modified():226] file/dir modified: /home/enricalvove/Desktop/detr_facebook/detr/wandb/run-20210202_153336-1jr71nro/files/output.log
2021-02-02 15:36:15,434 INFO    Thread-8  :87758 [dir_watcher.py:_on_file_modified():226] file/dir modified: /home/enricalvove/Desktop/detr_facebook/detr/wandb/run-20210202_153336-1jr71nro/files/output.log
2021-02-02 15:36:16,757 DEBUG   SenderThread:87758 [connectionpool.py:_new_conn():971] Starting new HTTPS connection (1): api.wandb.ai:443
2021-02-02 15:36:19,435 INFO    Thread-8  :87758 [dir_watcher.py:_on_file_modified():226] file/dir modified: /home/enricalvove/Desktop/detr_facebook/detr/wandb/run-20210202_153336-1jr71nro/files/output.log
2021-02-02 15:36:23,436 INFO    Thread-8  :87758 [dir_watcher.py:_on_file_modified():226] file/dir modified: /home/enricalvove/Desktop/detr_facebook/detr/wandb/run-20210202_153336-1jr71nro/files/output.log
2021-02-02 15:36:26,436 INFO    Thread-8  :87758 [dir_watcher.py:_on_file_modified():226] file/dir modified: /home/enricalvove/Desktop/detr_facebook/detr/wandb/run-20210202_153336-1jr71nro/files/output.log
2021-02-02 15:36:30,437 INFO    Thread-8  :87758 [dir_watcher.py:_on_file_modified():226] file/dir modified: /home/enricalvove/Desktop/detr_facebook/detr/wandb/run-20210202_153336-1jr71nro/files/output.log
2021-02-02 15:36:34,438 INFO    Thread-8  :87758 [dir_watcher.py:_on_file_modified():226] file/dir modified: /home/enricalvove/Desktop/detr_facebook/detr/wandb/run-20210202_153336-1jr71nro/files/output.log
2021-02-02 15:36:37,439 INFO    Thread-8  :87758 [dir_watcher.py:_on_file_modified():226] file/dir modified: /home/enricalvove/Desktop/detr_facebook/detr/wandb/run-20210202_153336-1jr71nro/files/output.log
2021-02-02 15:36:41,439 INFO    Thread-8  :87758 [dir_watcher.py:_on_file_modified():226] file/dir modified: /home/enricalvove/Desktop/detr_facebook/detr/wandb/run-20210202_153336-1jr71nro/files/output.log
2021-02-02 15:36:44,440 INFO    Thread-8  :87758 [dir_watcher.py:_on_file_modified():226] file/dir modified: /home/enricalvove/Desktop/detr_facebook/detr/wandb/run-20210202_153336-1jr71nro/files/output.log
2021-02-02 15:36:48,441 INFO    Thread-8  :87758 [dir_watcher.py:_on_file_modified():226] file/dir modified: /home/enricalvove/Desktop/detr_facebook/detr/wandb/run-20210202_153336-1jr71nro/files/output.log
2021-02-02 15:36:51,441 INFO    Thread-8  :87758 [dir_watcher.py:_on_file_modified():226] file/dir modified: /home/enricalvove/Desktop/detr_facebook/detr/wandb/run-20210202_153336-1jr71nro/files/output.log
2021-02-02 15:36:51,935 DEBUG   SenderThread:87758 [connectionpool.py:_new_conn():971] Starting new HTTPS connection (1): api.wandb.ai:443
2021-02-02 15:36:55,442 INFO    Thread-8  :87758 [dir_watcher.py:_on_file_modified():226] file/dir modified: /home/enricalvove/Desktop/detr_facebook/detr/wandb/run-20210202_153336-1jr71nro/files/output.log
2021-02-02 15:36:59,443 INFO    Thread-8  :87758 [dir_watcher.py:_on_file_modified():226] file/dir modified: /home/enricalvove/Desktop/detr_facebook/detr/wandb/run-20210202_153336-1jr71nro/files/output.log
2021-02-02 15:37:03,444 INFO    Thread-8  :87758 [dir_watcher.py:_on_file_modified():226] file/dir modified: /home/enricalvove/Desktop/detr_facebook/detr/wandb/run-20210202_153336-1jr71nro/files/output.log
2021-02-02 15:37:07,445 INFO    Thread-8  :87758 [dir_watcher.py:_on_file_modified():226] file/dir modified: /home/enricalvove/Desktop/detr_facebook/detr/wandb/run-20210202_153336-1jr71nro/files/output.log
2021-02-02 15:37:11,445 INFO    Thread-8  :87758 [dir_watcher.py:_on_file_modified():226] file/dir modified: /home/enricalvove/Desktop/detr_facebook/detr/wandb/run-20210202_153336-1jr71nro/files/output.log
2021-02-02 15:37:14,446 INFO    Thread-8  :87758 [dir_watcher.py:_on_file_modified():226] file/dir modified: /home/enricalvove/Desktop/detr_facebook/detr/wandb/run-20210202_153336-1jr71nro/files/output.log
2021-02-02 15:37:18,447 INFO    Thread-8  :87758 [dir_watcher.py:_on_file_modified():226] file/dir modified: /home/enricalvove/Desktop/detr_facebook/detr/wandb/run-20210202_153336-1jr71nro/files/output.log
2021-02-02 15:37:22,448 INFO    Thread-8  :87758 [dir_watcher.py:_on_file_modified():226] file/dir modified: /home/enricalvove/Desktop/detr_facebook/detr/wandb/run-20210202_153336-1jr71nro/files/output.log
2021-02-02 15:37:25,448 INFO    Thread-8  :87758 [dir_watcher.py:_on_file_modified():226] file/dir modified: /home/enricalvove/Desktop/detr_facebook/detr/wandb/run-20210202_153336-1jr71nro/files/output.log
2021-02-02 15:37:29,449 INFO    Thread-8  :87758 [dir_watcher.py:_on_file_modified():226] file/dir modified: /home/enricalvove/Desktop/detr_facebook/detr/wandb/run-20210202_153336-1jr71nro/files/output.log
2021-02-02 15:37:33,450 INFO    Thread-8  :87758 [dir_watcher.py:_on_file_modified():226] file/dir modified: /home/enricalvove/Desktop/detr_facebook/detr/wandb/run-20210202_153336-1jr71nro/files/output.log
2021-02-02 15:37:37,451 INFO    Thread-8  :87758 [dir_watcher.py:_on_file_modified():226] file/dir modified: /home/enricalvove/Desktop/detr_facebook/detr/wandb/run-20210202_153336-1jr71nro/files/output.log
2021-02-02 15:37:40,451 INFO    Thread-8  :87758 [dir_watcher.py:_on_file_modified():226] file/dir modified: /home/enricalvove/Desktop/detr_facebook/detr/wandb/run-20210202_153336-1jr71nro/files/output.log
2021-02-02 15:37:44,452 INFO    Thread-8  :87758 [dir_watcher.py:_on_file_modified():226] file/dir modified: /home/enricalvove/Desktop/detr_facebook/detr/wandb/run-20210202_153336-1jr71nro/files/output.log
2021-02-02 15:37:47,453 INFO    Thread-8  :87758 [dir_watcher.py:_on_file_modified():226] file/dir modified: /home/enricalvove/Desktop/detr_facebook/detr/wandb/run-20210202_153336-1jr71nro/files/output.log
2021-02-02 15:37:50,454 INFO    Thread-8  :87758 [dir_watcher.py:_on_file_modified():226] file/dir modified: /home/enricalvove/Desktop/detr_facebook/detr/wandb/run-20210202_153336-1jr71nro/files/output.log
2021-02-02 15:37:54,454 INFO    Thread-8  :87758 [dir_watcher.py:_on_file_modified():226] file/dir modified: /home/enricalvove/Desktop/detr_facebook/detr/wandb/run-20210202_153336-1jr71nro/files/output.log
2021-02-02 15:37:57,455 INFO    Thread-8  :87758 [dir_watcher.py:_on_file_modified():226] file/dir modified: /home/enricalvove/Desktop/detr_facebook/detr/wandb/run-20210202_153336-1jr71nro/files/output.log
2021-02-02 15:38:01,456 INFO    Thread-8  :87758 [dir_watcher.py:_on_file_modified():226] file/dir modified: /home/enricalvove/Desktop/detr_facebook/detr/wandb/run-20210202_153336-1jr71nro/files/output.log
2021-02-02 15:38:03,334 DEBUG   SenderThread:87758 [connectionpool.py:_new_conn():971] Starting new HTTPS connection (1): api.wandb.ai:443
2021-02-02 15:38:04,457 INFO    Thread-8  :87758 [dir_watcher.py:_on_file_modified():226] file/dir modified: /home/enricalvove/Desktop/detr_facebook/detr/wandb/run-20210202_153336-1jr71nro/files/output.log
2021-02-02 15:38:08,457 INFO    Thread-8  :87758 [dir_watcher.py:_on_file_modified():226] file/dir modified: /home/enricalvove/Desktop/detr_facebook/detr/wandb/run-20210202_153336-1jr71nro/files/output.log
2021-02-02 15:38:11,458 INFO    Thread-8  :87758 [dir_watcher.py:_on_file_modified():226] file/dir modified: /home/enricalvove/Desktop/detr_facebook/detr/wandb/run-20210202_153336-1jr71nro/files/output.log
2021-02-02 15:38:15,459 INFO    Thread-8  :87758 [dir_watcher.py:_on_file_modified():226] file/dir modified: /home/enricalvove/Desktop/detr_facebook/detr/wandb/run-20210202_153336-1jr71nro/files/output.log
2021-02-02 15:38:18,460 INFO    Thread-8  :87758 [dir_watcher.py:_on_file_modified():226] file/dir modified: /home/enricalvove/Desktop/detr_facebook/detr/wandb/run-20210202_153336-1jr71nro/files/output.log
2021-02-02 15:38:22,461 INFO    Thread-8  :87758 [dir_watcher.py:_on_file_modified():226] file/dir modified: /home/enricalvove/Desktop/detr_facebook/detr/wandb/run-20210202_153336-1jr71nro/files/output.log
2021-02-02 15:38:25,461 INFO    Thread-8  :87758 [dir_watcher.py:_on_file_modified():226] file/dir modified: /home/enricalvove/Desktop/detr_facebook/detr/wandb/run-20210202_153336-1jr71nro/files/output.log
2021-02-02 15:38:29,462 INFO    Thread-8  :87758 [dir_watcher.py:_on_file_modified():226] file/dir modified: /home/enricalvove/Desktop/detr_facebook/detr/wandb/run-20210202_153336-1jr71nro/files/output.log
2021-02-02 15:38:34,463 INFO    Thread-8  :87758 [dir_watcher.py:_on_file_modified():226] file/dir modified: /home/enricalvove/Desktop/detr_facebook/detr/wandb/run-20210202_153336-1jr71nro/files/output.log
2021-02-02 15:38:37,464 INFO    Thread-8  :87758 [dir_watcher.py:_on_file_modified():226] file/dir modified: /home/enricalvove/Desktop/detr_facebook/detr/wandb/run-20210202_153336-1jr71nro/files/output.log
2021-02-02 15:38:41,464 INFO    Thread-8  :87758 [dir_watcher.py:_on_file_modified():226] file/dir modified: /home/enricalvove/Desktop/detr_facebook/detr/wandb/run-20210202_153336-1jr71nro/files/output.log
2021-02-02 15:38:45,465 INFO    Thread-8  :87758 [dir_watcher.py:_on_file_modified():226] file/dir modified: /home/enricalvove/Desktop/detr_facebook/detr/wandb/run-20210202_153336-1jr71nro/files/output.log
2021-02-02 15:38:49,466 INFO    Thread-8  :87758 [dir_watcher.py:_on_file_modified():226] file/dir modified: /home/enricalvove/Desktop/detr_facebook/detr/wandb/run-20210202_153336-1jr71nro/files/output.log
2021-02-02 15:38:52,467 INFO    Thread-8  :87758 [dir_watcher.py:_on_file_modified():226] file/dir modified: /home/enricalvove/Desktop/detr_facebook/detr/wandb/run-20210202_153336-1jr71nro/files/output.log
2021-02-02 15:38:56,467 INFO    Thread-8  :87758 [dir_watcher.py:_on_file_modified():226] file/dir modified: /home/enricalvove/Desktop/detr_facebook/detr/wandb/run-20210202_153336-1jr71nro/files/output.log
2021-02-02 15:38:59,468 INFO    Thread-8  :87758 [dir_watcher.py:_on_file_modified():226] file/dir modified: /home/enricalvove/Desktop/detr_facebook/detr/wandb/run-20210202_153336-1jr71nro/files/output.log
2021-02-02 15:39:03,469 INFO    Thread-8  :87758 [dir_watcher.py:_on_file_modified():226] file/dir modified: /home/enricalvove/Desktop/detr_facebook/detr/wandb/run-20210202_153336-1jr71nro/files/output.log
2021-02-02 15:39:04,322 DEBUG   HandlerThread:87758 [handler.py:handle_request():93] handle_request: poll_exit
2021-02-02 15:39:04,470 INFO    Thread-8  :87758 [dir_watcher.py:_on_file_modified():226] file/dir modified: /home/enricalvove/Desktop/detr_facebook/detr/wandb/run-20210202_153336-1jr71nro/files/output.log
2021-02-02 15:40:13,149 DEBUG   SenderThread:87758 [connectionpool.py:_new_conn():971] Starting new HTTPS connection (1): api.wandb.ai:443
2021-02-02 15:42:06,364 WARNING MainThread:87758 [internal.py:wandb_internal():135] Internal process interrupt: 1
2021-02-02 15:42:11,369 WARNING MainThread:87758 [internal.py:is_dead():334] Internal process exiting, parent pid 87720 disappeared
2021-02-02 15:42:11,369 ERROR   MainThread:87758 [internal.py:wandb_internal():131] Internal process shutdown.
2021-02-02 15:42:12,095 INFO    WriterThread:87758 [datastore.py:close():258] close: /home/enricalvove/Desktop/detr_facebook/detr/wandb/run-20210202_153336-1jr71nro/run-1jr71nro.wandb
2021-02-02 15:42:12,096 INFO    HandlerThread:87758 [handler.py:finish():312] shutting down handler
2021-02-02 15:42:18,867 WARNING Thread-5  :87758 [util.py:request_with_retry():712] requests_with_retry encountered retryable exception: ('Connection aborted.', ConnectionResetError(104, 'Connection reset by peer')). args: ('https://api.wandb.ai/files/enricalvove/detr-baseline/1jr71nro/file_stream',), kwargs: {'json': {'files': {'output.log': {'offset': 44, 'content': ['2021-02-02T14:35:35.967488 Epoch: [0]  [ 300/7513]  eta: 0:45:02  lr: 0.000100  class_error: 0.00  loss: 26.6564 (32.6828)  loss_ce: 0.5395 (0.6048)  loss_bbox: 0.9936 (1.9286)  loss_giou: 2.6408 (3.0337)  loss_ce_0: 0.5023 (0.6025)  loss_bbox_0: 1.1541 (1.8171)  loss_giou_0: 2.8478 (2.9210)  loss_ce_1: 0.5431 (0.6153)  loss_bbox_1: 1.0908 (1.8366)  loss_giou_1: 2.7069 (2.9036)  loss_ce_2: 0.5565 (0.6237)  loss_bbox_2: 1.1904 (1.8489)  loss_giou_2: 2.7629 (2.9342)  loss_ce_3: 0.5683 (0.6289)  loss_bbox_3: 1.1695 (1.8795)  loss_giou_3: 2.7364 (2.9848)  loss_ce_4: 0.5407 (0.6245)  loss_bbox_4: 1.0042 (1.8807)  loss_giou_4: 2.6394 (3.0146)  loss_ce_unscaled: 0.5395 (0.6048)  class_error_unscaled: 3.5714 (19.1198)  loss_bbox_unscaled: 0.1987 (0.3857)  loss_giou_unscaled: 1.3204 (1.5169)  cardinality_error_unscaled: 25.0000 (25.3920)  loss_ce_0_unscaled: 0.5023 (0.6025)  loss_bbox_0_unscaled: 0.2308 (0.3634)  loss_giou_0_unscaled: 1.4239 (1.4605)  cardinality_error_0_unscaled: 22.0000 (26.0731)  loss_ce_1_unscaled: 0.5431 (0.6153)  loss_bbox_1_unscaled: 0.2182 (0.3673)  loss_giou_1_unscaled: 1.3534 (1.4518)  cardinality_error_1_unscaled: 23.5000 (26.0598)  loss_ce_2_unscaled: 0.5565 (0.6237)  loss_bbox_2_unscaled: 0.2381 (0.3698)  loss_giou_2_unscaled: 1.3814 (1.4671)  cardinality_error_2_unscaled: 21.5000 (26.5382)  loss_ce_3_unscaled: 0.5683 (0.6289)  loss_bbox_3_unscaled: 0.2339 (0.3759)  loss_giou_3_unscaled: 1.3682 (1.4924)  cardinality_error_3_unscaled: 22.0000 (26.8654)  loss_ce_4_unscaled: 0.5407 (0.6245)  loss_bbox_4_unscaled: 0.2008 (0.3761)  loss_giou_4_unscaled: 1.3197 (1.5073)  cardinality_error_4_unscaled: 22.0000 (26.8123)  time: 0.3672  data: 0.0056  max mem: 3684\n', '2021-02-02T14:35:39.888808 Epoch: [0]  [ 310/7513]  eta: 0:45:02  lr: 0.000100  class_error: 42.86  loss: 25.6114 (32.4731)  loss_ce: 0.5161 (0.6014)  loss_bbox: 0.9653 (1.9075)  loss_giou: 2.5856 (3.0214)  loss_ce_0: 0.5023 (0.6006)  loss_bbox_0: 1.1106 (1.7964)  loss_giou_0: 2.8363 (2.9134)  loss_ce_1: 0.5424 (0.6134)  loss_bbox_1: 0.9890 (1.8123)  loss_giou_1: 2.5206 (2.8895)  loss_ce_2: 0.5562 (0.6219)  loss_bbox_2: 0.9936 (1.8251)  loss_giou_2: 2.5416 (2.9230)  loss_ce_3: 0.5426 (0.6256)  loss_bbox_3: 1.1289 (1.8569)  loss_giou_3: 2.6237 (2.9734)  loss_ce_4: 0.5278 (0.6204)  loss_bbox_4: 0.9720 (1.8634)  loss_giou_4: 2.6394 (3.0075)  loss_ce_unscaled: 0.5161 (0.6014)  class_error_unscaled: 7.1429 (18.7885)  loss_bbox_unscaled: 0.1931 (0.3815)  loss_giou_unscaled: 1.2928 (1.5107)  cardinality_error_unscaled: 19.5000 (25.2910)  loss_ce_0_unscaled: 0.5023 (0.6006)  loss_bbox_0_unscaled: 0.2221 (0.3593)  loss_giou_0_unscaled: 1.4182 (1.4567)  cardinality_error_0_unscaled: 19.5000 (25.9405)  loss_ce_1_unscaled: 0.5424 (0.6134)  loss_bbox_1_unscaled: 0.1978 (0.3625)  loss_giou_1_unscaled: 1.2603 (1.4448)  cardinality_error_1_unscaled: 22.5000 (26.1045)  loss_ce_2_unscaled: 0.5562 (0.6219)  loss_bbox_2_unscaled: 0.1987 (0.3650)  loss_giou_2_unscaled: 1.2708 (1.4615)  cardinality_error_2_unscaled: 25.0000 (26.6801)  loss_ce_3_unscaled: 0.5426 (0.6256)  loss_bbox_3_unscaled: 0.2258 (0.3714)  loss_giou_3_unscaled: 1.3119 (1.4867)  cardinality_error_3_unscaled: 21.0000 (26.8151)  loss_ce_4_unscaled: 0.5278 (0.6204)  loss_bbox_4_unscaled: 0.1944 (0.3727)  loss_giou_4_unscaled: 1.3197 (1.5038)  cardinality_error_4_unscaled: 19.0000 (26.7010)  time: 0.3841  data: 0.0057  max mem: 3684\n']}, 'wandb-events.jsonl': {'offset': 25, 'content': ['{"system.gpu.0.gpu": 79.25, "system.gpu.0.memory": 56.0, "system.gpu.0.memoryAllocated": 93.28, "system.gpu.0.temp": 77.0, "system.gpu.process.0.gpu": 79.25, "system.gpu.process.0.memory": 56.0, "system.gpu.process.0.memoryAllocated": 93.28, "system.gpu.process.0.temp": 77.0, "system.cpu": 8.4, "system.memory": 54.12, "system.disk": 21.0, "system.proc.memory.availableMB": 7246.71, "system.proc.memory.rssMB": 277.61, "system.proc.memory.percent": 1.76, "system.proc.cpu.threads": 12.0, "system.network.sent": 1266269, "system.network.recv": 606507, "_wandb": true, "_timestamp": 1612276533, "_runtime": 117}', '{"system.gpu.0.gpu": 81.0, "system.gpu.0.memory": 57.75, "system.gpu.0.memoryAllocated": 93.28, "system.gpu.0.temp": 76.75, "system.gpu.process.0.gpu": 81.0, "system.gpu.process.0.memory": 57.75, "system.gpu.process.0.memoryAllocated": 93.28, "system.gpu.process.0.temp": 76.75, "system.cpu": 8.33, "system.memory": 54.1, "system.disk": 21.0, "system.proc.memory.availableMB": 7245.83, "system.proc.memory.rssMB": 277.61, "system.proc.memory.percent": 1.76, "system.proc.cpu.threads": 12.0, "system.network.sent": 1289429, "system.network.recv": 612163, "_wandb": true, "_timestamp": 1612276538, "_runtime": 122}', '{"system.gpu.0.gpu": 81.0, "system.gpu.0.memory": 57.75, "system.gpu.0.memoryAllocated": 93.28, "system.gpu.0.temp": 76.0, "system.gpu.process.0.gpu": 81.0, "system.gpu.process.0.memory": 57.75, "system.gpu.process.0.memoryAllocated": 93.28, "system.gpu.process.0.temp": 76.0, "system.cpu": 9.3, "system.memory": 54.38, "system.disk": 21.0, "system.proc.memory.availableMB": 7207.45, "system.proc.memory.rssMB": 277.61, "system.proc.memory.percent": 1.76, "system.proc.cpu.threads": 12.0, "system.network.sent": 1304639, "system.network.recv": 624940, "_wandb": true, "_timestamp": 1612276542, "_runtime": 126}']}}}}
2021-02-02 15:42:21,000 DEBUG   Thread-5  :87758 [connectionpool.py:_new_conn():971] Starting new HTTPS connection (2): api.wandb.ai:443
2021-02-02 15:42:21,270 DEBUG   Thread-5  :87758 [connectionpool.py:_make_request():452] https://api.wandb.ai:443 "POST /files/enricalvove/detr-baseline/1jr71nro/file_stream HTTP/1.1" 200 None
2021-02-02 15:42:51,480 DEBUG   Thread-5  :87758 [connectionpool.py:_make_request():452] https://api.wandb.ai:443 "POST /files/enricalvove/detr-baseline/1jr71nro/file_stream HTTP/1.1" 200 None
2021-02-02 15:43:21,816 DEBUG   Thread-5  :87758 [connectionpool.py:_make_request():452] https://api.wandb.ai:443 "POST /files/enricalvove/detr-baseline/1jr71nro/file_stream HTTP/1.1" 200 None
2021-02-02 15:43:52,003 DEBUG   Thread-5  :87758 [connectionpool.py:_make_request():452] https://api.wandb.ai:443 "POST /files/enricalvove/detr-baseline/1jr71nro/file_stream HTTP/1.1" 200 None
2021-02-02 15:44:22,214 DEBUG   Thread-5  :87758 [connectionpool.py:_make_request():452] https://api.wandb.ai:443 "POST /files/enricalvove/detr-baseline/1jr71nro/file_stream HTTP/1.1" 200 None
2021-02-02 15:44:39,985 DEBUG   SenderThread:87758 [connectionpool.py:_new_conn():971] Starting new HTTPS connection (1): api.wandb.ai:443
2021-02-02 15:44:40,237 DEBUG   SenderThread:87758 [connectionpool.py:_make_request():452] https://api.wandb.ai:443 "POST /graphql HTTP/1.1" 200 None
2021-02-02 15:44:40,238 INFO    SenderThread:87758 [sender.py:finish():766] shutting down sender
2021-02-02 15:44:40,238 INFO    SenderThread:87758 [dir_watcher.py:finish():279] shutting down directory watcher
2021-02-02 15:44:40,522 INFO    SenderThread:87758 [dir_watcher.py:finish():309] scan: /home/enricalvove/Desktop/detr_facebook/detr/wandb/run-20210202_153336-1jr71nro/files
2021-02-02 15:44:40,522 INFO    SenderThread:87758 [dir_watcher.py:finish():315] scan save: /home/enricalvove/Desktop/detr_facebook/detr/wandb/run-20210202_153336-1jr71nro/files/output.log output.log
2021-02-02 15:44:40,522 INFO    SenderThread:87758 [dir_watcher.py:finish():315] scan save: /home/enricalvove/Desktop/detr_facebook/detr/wandb/run-20210202_153336-1jr71nro/files/wandb-metadata.json wandb-metadata.json
2021-02-02 15:44:40,523 INFO    SenderThread:87758 [dir_watcher.py:finish():315] scan save: /home/enricalvove/Desktop/detr_facebook/detr/wandb/run-20210202_153336-1jr71nro/files/config.yaml config.yaml
2021-02-02 15:44:40,523 INFO    SenderThread:87758 [dir_watcher.py:finish():315] scan save: /home/enricalvove/Desktop/detr_facebook/detr/wandb/run-20210202_153336-1jr71nro/files/requirements.txt requirements.txt
2021-02-02 15:44:40,525 DEBUG   Thread-12 :87758 [connectionpool.py:_new_conn():971] Starting new HTTPS connection (1): api.wandb.ai:443
2021-02-02 15:44:40,525 INFO    SenderThread:87758 [dir_watcher.py:finish():315] scan save: /home/enricalvove/Desktop/detr_facebook/detr/wandb/run-20210202_153336-1jr71nro/files/wandb-summary.json wandb-summary.json
2021-02-02 15:44:40,525 INFO    SenderThread:87758 [file_pusher.py:finish():176] shutting down file pusher
2021-02-02 15:44:40,525 INFO    SenderThread:87758 [file_pusher.py:join():181] waiting for file pusher
2021-02-02 15:44:40,529 DEBUG   Thread-14 :87758 [connectionpool.py:_new_conn():971] Starting new HTTPS connection (1): api.wandb.ai:443
2021-02-02 15:44:40,529 DEBUG   Thread-13 :87758 [connectionpool.py:_new_conn():971] Starting new HTTPS connection (1): api.wandb.ai:443
2021-02-02 15:44:40,531 DEBUG   Thread-15 :87758 [connectionpool.py:_new_conn():971] Starting new HTTPS connection (1): api.wandb.ai:443
2021-02-02 15:44:40,850 DEBUG   Thread-15 :87758 [connectionpool.py:_make_request():452] https://api.wandb.ai:443 "POST /graphql HTTP/1.1" 200 None
2021-02-02 15:44:40,850 DEBUG   Thread-12 :87758 [connectionpool.py:_make_request():452] https://api.wandb.ai:443 "POST /graphql HTTP/1.1" 200 None
2021-02-02 15:44:40,851 DEBUG   Thread-13 :87758 [connectionpool.py:_make_request():452] https://api.wandb.ai:443 "POST /graphql HTTP/1.1" 200 None
2021-02-02 15:44:40,851 DEBUG   Thread-14 :87758 [connectionpool.py:_make_request():452] https://api.wandb.ai:443 "POST /graphql HTTP/1.1" 200 None
2021-02-02 15:44:40,854 DEBUG   Thread-12 :87758 [connectionpool.py:_new_conn():971] Starting new HTTPS connection (1): storage.googleapis.com:443
2021-02-02 15:44:40,858 DEBUG   Thread-15 :87758 [connectionpool.py:_new_conn():971] Starting new HTTPS connection (1): storage.googleapis.com:443
2021-02-02 15:44:40,860 DEBUG   Thread-13 :87758 [connectionpool.py:_new_conn():971] Starting new HTTPS connection (1): storage.googleapis.com:443
2021-02-02 15:44:40,861 DEBUG   Thread-14 :87758 [connectionpool.py:_new_conn():971] Starting new HTTPS connection (1): storage.googleapis.com:443
2021-02-02 15:44:41,359 DEBUG   Thread-13 :87758 [connectionpool.py:_make_request():452] https://storage.googleapis.com:443 "PUT /wandb-production.appspot.com/enricalvove/detr-baseline/1jr71nro/config.yaml?Expires=1612363480&GoogleAccessId=wandb-production%40appspot.gserviceaccount.com&Signature=jwU7vHo%2BurE0ZjszPkBaBAeLkIFlZHTvR352un8kcmVHXqGO7GpHR9%2BezMIC5eBpKSA7hwBdywxeFv2xPKQWB03wm2%2FfsOwJ6SEN8RHMOcm950GRtF%2BvY35fxOR6gSK35q2WI9v5DQHo0OkBrzplqewj2UVIG13yUHyMDf%2BHuwxZfZiKWocO%2FNyM8XbyvEYoskQDXKQ4hmkUxYL%2FpBTyPJUjpwJ6dmbkzAp8ApV614r5P3se89hL%2BDf48gR6nqKa56P%2FM27iB%2BfSk6khEhM1tqrJJmFcqM7X9FaV830nH2S9v2ReqpKvs%2BXRbzRnIRTsrWwS%2B7cKSfiRTZGrDVclLA%3D%3D HTTP/1.1" 200 0
2021-02-02 15:44:41,360 INFO    Thread-13 :87758 [upload_job.py:push():133] Uploaded file /home/enricalvove/Desktop/detr_facebook/detr/wandb/run-20210202_153336-1jr71nro/files/config.yaml
2021-02-02 15:44:41,361 DEBUG   Thread-14 :87758 [connectionpool.py:_make_request():452] https://storage.googleapis.com:443 "PUT /wandb-production.appspot.com/enricalvove/detr-baseline/1jr71nro/requirements.txt?Expires=1612363480&GoogleAccessId=wandb-production%40appspot.gserviceaccount.com&Signature=Tr6lQDo4LXxn4einkhwLDppSE6D3O%2BB3pOqEHGIBlunM6vPxkraOAMTUqz3GQr%2FxWyUy4hZrMc0QAZ6wNCGFQWkK9Ju47ysY3eRHaZ8hTo%2FKapxN5MxaAourAd3G%2BkK7S1xlS9iG0Q4m7ZjnrivAfbyRlWaWrWJM1l4LexfgVuqfXxnyXdRiFL4D3Ak2aSavM6arzO3PHB8MyCz%2FteCDXewoLEAnhaXUb%2Ffgikp8BzzgomsZEx80mawwtb3MzgdzPb884wZYFsjO8vWATKkFMPA%2BcH33%2Fn%2BLjlhmtAJicwSyCgmRMxv7liAPuMWmshDGeXdqlzsP%2BmJ8ZByfqdgXww%3D%3D HTTP/1.1" 200 0
2021-02-02 15:44:41,361 INFO    Thread-14 :87758 [upload_job.py:push():133] Uploaded file /home/enricalvove/Desktop/detr_facebook/detr/wandb/run-20210202_153336-1jr71nro/files/requirements.txt
2021-02-02 15:44:41,362 DEBUG   Thread-15 :87758 [connectionpool.py:_make_request():452] https://storage.googleapis.com:443 "PUT /wandb-production.appspot.com/enricalvove/detr-baseline/1jr71nro/wandb-summary.json?Expires=1612363480&GoogleAccessId=wandb-production%40appspot.gserviceaccount.com&Signature=QSmVwGm%2BtL68Mu54pAKzzKnS8KzPNSd3gg7QGPjecGzfeKPP0ibqPTkv%2FprKJ7ZZaGPGqx5b36x0dCND9v0v4ytvEyKs45vNNFJWfucjnMM8f8h%2BwSm6qZi2UrP87yFk%2FzZ%2B042or5c3CXWBuUY8BHUoNGaPouVhnMMNis9r4o9BNuUt3TIHzTwYN%2F5tI1PEHZbyr9RE7N%2FShUpgxlq3O%2Bys%2FeWLtMJvU94KTvn4UmsOD8rpZ2Ur6fQg9i9Zo9N%2Fp8dc7ujUMtJI4aAQzhMIPchDy5RGOEcOrrtc4q8XMQDzqQlrPK%2BXJllv0T6v1gM%2FXef4KtbhGq1mbt4MAeBWVQ%3D%3D HTTP/1.1" 200 0
2021-02-02 15:44:41,363 INFO    Thread-15 :87758 [upload_job.py:push():133] Uploaded file /home/enricalvove/Desktop/detr_facebook/detr/wandb/run-20210202_153336-1jr71nro/files/wandb-summary.json
2021-02-02 15:44:41,667 DEBUG   Thread-12 :87758 [connectionpool.py:_make_request():452] https://storage.googleapis.com:443 "PUT /wandb-production.appspot.com/enricalvove/detr-baseline/1jr71nro/output.log?Expires=1612363480&GoogleAccessId=wandb-production%40appspot.gserviceaccount.com&Signature=T8oOQrlyiOCtB5BjeoZLfV33BNETFyIq4%2F3rNtQ4Ff2CJoymvGmGxh86wkkfbJ7XnOq8bsyeS2B%2Bt%2BV8e9ymKVXsWOtHYkKbFM6tzimw6dCcPshjwW3mxCNnnnZ6gV2Tex0MpPMo8vOd6trGdTD4xPMSYE2nyLposjbIHKVaedM%2FD9FpkIuPdNGEFtbbVsie0UU67sG2JhNeX7ume%2BAVCnCOv7dl6cwnTK8QLiaZ7tjgfRa%2BIj1Jso5vFdaTLa3hGT%2B9Ov5v6L%2F%2Bmbq1VABA7Ju%2B2RG7igPlNme4Dc%2Bc1Qj%2Fza3Dvl2RmWGXwRF8tUQYcnUzSimLGEcGx4Hc%2F1uyCw%3D%3D HTTP/1.1" 200 0
2021-02-02 15:44:41,668 INFO    Thread-12 :87758 [upload_job.py:push():133] Uploaded file /home/enricalvove/Desktop/detr_facebook/detr/wandb/run-20210202_153336-1jr71nro/files/output.log
2021-02-02 15:44:42,383 DEBUG   Thread-5  :87758 [connectionpool.py:_make_request():452] https://api.wandb.ai:443 "POST /files/enricalvove/detr-baseline/1jr71nro/file_stream HTTP/1.1" 200 None
2021-02-02 15:44:42,384 INFO    MainThread:87758 [internal.py:handle_exit():156] Internal process exited
